[ 2012-05-02T16:20:16+08:00 ] /index.php/User/index | ERR: (ThinkException) Access denied for user 'root'@'localhost' (using password: NO)
[ 2012-05-02T16:20:57+08:00 ] /index.php/User/index | ERR: (ThinkException) Access denied for user 'root'@'localhost' (using password: NO)
[ 2012-05-02T16:20:57+08:00 ] /index.php/User/index | ERR: (ThinkException) Access denied for user 'root'@'localhost' (using password: NO)
[ 2012-05-02T16:20:58+08:00 ] /index.php/User/index | ERR: (ThinkException) Access denied for user 'root'@'localhost' (using password: NO)
[ 2012-05-02T16:20:59+08:00 ] /index.php/User/index | ERR: (ThinkException) Access denied for user 'root'@'localhost' (using password: NO)
[ 2012-05-02T16:26:49+08:00 ] /index.php/User/index | ERR: (ThinkException) Access denied for user 'root'@'localhost' (using password: NO)
[ 2012-05-02T16:26:50+08:00 ] /index.php/User/index | ERR: (ThinkException) Access denied for user 'root'@'localhost' (using password: NO)
[ 2012-05-02T16:26:50+08:00 ] /index.php/User/index | ERR: (ThinkException) Access denied for user 'root'@'localhost' (using password: NO)
[ 2012-05-02T16:26:50+08:00 ] /index.php/User/index | ERR: (ThinkException) Access denied for user 'root'@'localhost' (using password: NO)
[ 2012-05-02T16:26:51+08:00 ] /index.php/User/index | ERR: (ThinkException) Access denied for user 'root'@'localhost' (using password: NO)
[ 2012-05-02T16:26:51+08:00 ] /index.php/User/index | ERR: (ThinkException) Access denied for user 'root'@'localhost' (using password: NO)
[ 2012-05-02T16:26:58+08:00 ] /index.php/User/index | ERR: (ThinkException) Access denied for user 'root'@'localhost' (using password: NO)
[ 2012-05-02T16:27:00+08:00 ] /index.php/User/index | ERR: (ThinkException) Access denied for user 'root'@'localhost' (using password: NO)
[ 2012-05-02T16:28:08+08:00 ] /index.php/User/index | ERR: (ThinkException) Access denied for user 'root'@'localhost' (using password: NO)
[ 2012-05-02T16:28:09+08:00 ] /index.php/User/index | ERR: (ThinkException) Access denied for user 'root'@'localhost' (using password: NO)
[ 2012-05-02T16:28:09+08:00 ] /index.php/User/index | ERR: (ThinkException) Access denied for user 'root'@'localhost' (using password: NO)
[ 2012-05-02T16:28:10+08:00 ] /index.php/User/index | ERR: (ThinkException) Access denied for user 'root'@'localhost' (using password: NO)
[ 2012-05-02T16:29:05+08:00 ] /index.php/User/index | ERR: (ThinkException) Access denied for user 'root'@'localhost' (using password: NO)
[ 2012-05-02T16:29:05+08:00 ] /index.php/User/index | ERR: (ThinkException) Access denied for user 'root'@'localhost' (using password: NO)
[ 2012-05-02T16:29:06+08:00 ] /index.php/User/index | ERR: (ThinkException) Access denied for user 'root'@'localhost' (using password: NO)
[ 2012-05-02T16:29:06+08:00 ] /index.php/User/index | ERR: (ThinkException) Access denied for user 'root'@'localhost' (using password: NO)
[ 2012-05-02T16:29:06+08:00 ] /index.php/User/index | ERR: (ThinkException) Access denied for user 'root'@'localhost' (using password: NO)
[ 2012-05-02T16:29:06+08:00 ] /index.php/User/index | ERR: (ThinkException) Access denied for user 'root'@'localhost' (using password: NO)
[ 2012-05-02T16:29:07+08:00 ] /index.php/User/index | ERR: (ThinkException) Access denied for user 'root'@'localhost' (using password: NO)
[ 2012-05-02T16:29:07+08:00 ] /index.php/User/index | ERR: (ThinkException) Access denied for user 'root'@'localhost' (using password: NO)
[ 2012-05-02T16:29:49+08:00 ] /index.php/User/index | ERR: (ThinkException) Access denied for user 'root'@'localhost' (using password: NO)
[ 2012-05-02T16:29:49+08:00 ] /index.php/User/index | ERR: (ThinkException) Access denied for user 'root'@'localhost' (using password: NO)
[ 2012-05-02T16:29:49+08:00 ] /index.php/User/index | ERR: (ThinkException) Access denied for user 'root'@'localhost' (using password: NO)
[ 2012-05-02T16:29:49+08:00 ] /index.php/User/index | ERR: (ThinkException) Access denied for user 'root'@'localhost' (using password: NO)
[ 2012-05-02T16:29:50+08:00 ] /index.php/User/index | ERR: (ThinkException) Access denied for user 'root'@'localhost' (using password: NO)
[ 2012-05-02T16:30:05+08:00 ] /index.php/User/index | ERR: (ThinkException) Access denied for user 'root'@'localhost' (using password: NO)
[ 2012-05-02T16:30:05+08:00 ] /index.php/User/index | ERR: (ThinkException) Access denied for user 'root'@'localhost' (using password: NO)
[ 2012-05-02T16:30:05+08:00 ] /index.php/User/index | ERR: (ThinkException) Access denied for user 'root'@'localhost' (using password: NO)
[ 2012-05-02T16:30:05+08:00 ] /index.php/User/index | ERR: (ThinkException) Access denied for user 'root'@'localhost' (using password: NO)
[ 2012-05-02T16:30:06+08:00 ] /index.php/User/index | ERR: (ThinkException) Access denied for user 'root'@'localhost' (using password: NO)
[ 2012-05-02T16:30:06+08:00 ] /index.php/User/index | ERR: (ThinkException) Access denied for user 'root'@'localhost' (using password: NO)
[ 2012-05-02T16:30:06+08:00 ] /index.php/User/index | ERR: (ThinkException) Access denied for user 'root'@'localhost' (using password: NO)
[ 2012-05-02T16:36:32+08:00 ] /index.php/User/index | ERR: (ThinkException) Access denied for user 'root'@'localhost' (using password: NO)
[ 2012-05-02T16:36:33+08:00 ] /index.php/User/index | ERR: (ThinkException) Access denied for user 'root'@'localhost' (using password: NO)
[ 2012-05-02T16:36:34+08:00 ] /index.php/User/index | ERR: (ThinkException) Access denied for user 'root'@'localhost' (using password: NO)
[ 2012-05-02T16:36:42+08:00 ] /index.php/User/index | ERR: (ThinkException) Access denied for user 'root'@'localhost' (using password: NO)
[ 2012-05-02T16:36:42+08:00 ] /index.php/User/index | ERR: (ThinkException) Access denied for user 'root'@'localhost' (using password: NO)
[ 2012-05-02T16:36:42+08:00 ] /index.php/User/index | ERR: (ThinkException) Access denied for user 'root'@'localhost' (using password: NO)
[ 2012-05-02T16:36:43+08:00 ] /index.php/User/index | ERR: (ThinkException) Access denied for user 'root'@'localhost' (using password: NO)
[ 2012-05-02T16:36:43+08:00 ] /index.php/User/index | ERR: (ThinkException) Access denied for user 'root'@'localhost' (using password: NO)
[ 2012-05-02T16:36:43+08:00 ] /index.php/User/index | ERR: (ThinkException) Access denied for user 'root'@'localhost' (using password: NO)
[ 2012-05-02T16:36:43+08:00 ] /index.php/User/index | ERR: (ThinkException) Access denied for user 'root'@'localhost' (using password: NO)
[ 2012-05-02T16:36:43+08:00 ] /index.php/User/index | ERR: (ThinkException) Access denied for user 'root'@'localhost' (using password: NO)
[ 2012-05-02T16:37:13+08:00 ] /index.php/User/index | ERR: (ThinkException) Access denied for user 'root'@'localhost' (using password: NO)
[ 2012-05-02T16:37:14+08:00 ] /index.php/User/index | ERR: (ThinkException) Access denied for user 'root'@'localhost' (using password: NO)
[ 2012-05-02T16:37:15+08:00 ] /index.php/User/index | ERR: (ThinkException) Access denied for user 'root'@'localhost' (using password: NO)
[ 2012-05-02T16:37:15+08:00 ] /index.php/User/index | ERR: (ThinkException) Access denied for user 'root'@'localhost' (using password: NO)
[ 2012-05-02T16:37:15+08:00 ] /index.php/User/index | ERR: (ThinkException) Access denied for user 'root'@'localhost' (using password: NO)
[ 2012-05-02T16:37:15+08:00 ] /index.php/User/index | ERR: (ThinkException) Access denied for user 'root'@'localhost' (using password: NO)
[ 2012-05-02T16:37:15+08:00 ] /index.php/User/index | ERR: (ThinkException) Access denied for user 'root'@'localhost' (using password: NO)
[ 2012-05-02T16:37:16+08:00 ] /index.php/User/index | ERR: (ThinkException) Access denied for user 'root'@'localhost' (using password: NO)
[ 2012-05-02T16:37:16+08:00 ] /index.php/User/index | ERR: (ThinkException) Access denied for user 'root'@'localhost' (using password: NO)
[ 2012-05-02T16:37:16+08:00 ] /index.php/User/index | ERR: (ThinkException) Access denied for user 'root'@'localhost' (using password: NO)
[ 2012-05-02T16:39:06+08:00 ] /index.php/User/index | ERR: (ThinkException) Access denied for user 'root'@'localhost' (using password: NO)
[ 2012-05-02T16:39:06+08:00 ] /index.php/User/index | ERR: (ThinkException) Access denied for user 'root'@'localhost' (using password: NO)
[ 2012-05-02T16:39:06+08:00 ] /index.php/User/index | ERR: (ThinkException) Access denied for user 'root'@'localhost' (using password: NO)
[ 2012-05-02T16:39:06+08:00 ] /index.php/User/index | ERR: (ThinkException) Access denied for user 'root'@'localhost' (using password: NO)
[ 2012-05-02T16:39:07+08:00 ] /index.php/User/index | ERR: (ThinkException) Access denied for user 'root'@'localhost' (using password: NO)
[ 2012-05-02T16:39:07+08:00 ] /index.php/User/index | ERR: (ThinkException) Access denied for user 'root'@'localhost' (using password: NO)
[ 2012-05-02T16:39:07+08:00 ] /index.php/User/index | ERR: (ThinkException) Access denied for user 'root'@'localhost' (using password: NO)
[ 2012-05-02T16:39:07+08:00 ] /index.php/User/index | ERR: (ThinkException) Access denied for user 'root'@'localhost' (using password: NO)
[ 2012-05-02T16:39:44+08:00 ] /index.php/User/index | ERR: (ThinkException) Access denied for user 'root'@'localhost' (using password: NO)
[ 2012-05-02T16:40:49+08:00 ] /index.php/User/index | ERR: (ThinkException) Access denied for user 'root'@'localhost' (using password: NO)
[ 2012-05-02T16:40:50+08:00 ] /index.php/User/index | ERR: (ThinkException) Access denied for user 'root'@'localhost' (using password: NO)
[ 2012-05-02T16:40:50+08:00 ] /index.php/User/index | ERR: (ThinkException) Access denied for user 'root'@'localhost' (using password: NO)
[ 2012-05-02T16:40:50+08:00 ] /index.php/User/index | ERR: (ThinkException) Access denied for user 'root'@'localhost' (using password: NO)
[ 2012-05-02T16:40:50+08:00 ] /index.php/User/index | ERR: (ThinkException) Access denied for user 'root'@'localhost' (using password: NO)
[ 2012-05-02T16:40:51+08:00 ] /index.php/User/index | ERR: (ThinkException) Access denied for user 'root'@'localhost' (using password: NO)
[ 2012-05-02T16:41:50+08:00 ] /index.php/User/index | ERR: (ThinkException) Access denied for user 'root'@'localhost' (using password: NO)
[ 2012-05-02T16:41:51+08:00 ] /index.php/User/index | ERR: (ThinkException) Access denied for user 'root'@'localhost' (using password: NO)
[ 2012-05-02T16:41:51+08:00 ] /index.php/User/index | ERR: (ThinkException) Access denied for user 'root'@'localhost' (using password: NO)
[ 2012-05-02T16:42:39+08:00 ] /index.php/User/index | ERR: (ThinkException) Access denied for user 'root'@'localhost' (using password: NO)
[ 2012-05-02T16:42:40+08:00 ] /index.php/User/index | ERR: (ThinkException) Access denied for user 'root'@'localhost' (using password: NO)
[ 2012-05-02T16:42:40+08:00 ] /index.php/User/index | ERR: (ThinkException) Access denied for user 'root'@'localhost' (using password: NO)
[ 2012-05-02T16:42:40+08:00 ] /index.php/User/index | ERR: (ThinkException) Access denied for user 'root'@'localhost' (using password: NO)
[ 2012-05-02T16:44:04+08:00 ] /index.php/User/index | ERR: (ThinkException) Access denied for user 'root'@'localhost' (using password: NO)
[ 2012-05-02T16:44:05+08:00 ] /index.php/User/index | ERR: (ThinkException) Access denied for user 'root'@'localhost' (using password: NO)
[ 2012-05-02T16:44:05+08:00 ] /index.php/User/index | ERR: (ThinkException) Access denied for user 'root'@'localhost' (using password: NO)
[ 2012-05-02T16:44:05+08:00 ] /index.php/User/index | ERR: (ThinkException) Access denied for user 'root'@'localhost' (using password: NO)
[ 2012-05-02T16:44:05+08:00 ] /index.php/User/index | ERR: (ThinkException) Access denied for user 'root'@'localhost' (using password: NO)
[ 2012-05-02T16:44:06+08:00 ] /index.php/User/index | ERR: (ThinkException) Access denied for user 'root'@'localhost' (using password: NO)
[ 2012-05-02T16:44:06+08:00 ] /index.php/User/index | ERR: (ThinkException) Access denied for user 'root'@'localhost' (using password: NO)
[ 2012-05-02T16:44:36+08:00 ] /index.php/User/index | ERR: (ThinkException) Access denied for user 'root'@'localhost' (using password: NO)
[ 2012-05-02T16:44:37+08:00 ] /index.php/User/index | ERR: (ThinkException) Access denied for user 'root'@'localhost' (using password: NO)
[ 2012-05-02T16:44:37+08:00 ] /index.php/User/index | ERR: (ThinkException) Access denied for user 'root'@'localhost' (using password: NO)
[ 2012-05-02T16:44:37+08:00 ] /index.php/User/index | ERR: (ThinkException) Access denied for user 'root'@'localhost' (using password: NO)
[ 2012-05-02T16:44:37+08:00 ] /index.php/User/index | ERR: (ThinkException) Access denied for user 'root'@'localhost' (using password: NO)
[ 2012-05-02T16:44:37+08:00 ] /index.php/User/index | ERR: (ThinkException) Access denied for user 'root'@'localhost' (using password: NO)
[ 2012-05-02T16:44:38+08:00 ] /index.php/User/index | ERR: (ThinkException) Access denied for user 'root'@'localhost' (using password: NO)
[ 2012-05-02T16:44:38+08:00 ] /index.php/User/index | ERR: (ThinkException) Access denied for user 'root'@'localhost' (using password: NO)
[ 2012-05-02T16:44:38+08:00 ] /index.php/User/index | ERR: (ThinkException) Access denied for user 'root'@'localhost' (using password: NO)
[ 2012-05-02T16:44:38+08:00 ] /index.php/User/index | ERR: (ThinkException) Access denied for user 'root'@'localhost' (using password: NO)
[ 2012-05-02T16:44:38+08:00 ] /index.php/User/index | ERR: (ThinkException) Access denied for user 'root'@'localhost' (using password: NO)
[ 2012-05-02T16:44:39+08:00 ] /index.php/User/index | ERR: (ThinkException) Access denied for user 'root'@'localhost' (using password: NO)
[ 2012-05-02T16:44:46+08:00 ] /index.php/User/index | ERR: (ThinkException) Access denied for user 'root'@'localhost' (using password: NO)
[ 2012-05-02T16:45:02+08:00 ] /index.php/User/index | ERR: (ThinkException) Access denied for user 'root'@'localhost' (using password: NO)
[ 2012-05-02T16:45:02+08:00 ] /index.php/User/index | ERR: (ThinkException) Access denied for user 'root'@'localhost' (using password: NO)
[ 2012-05-02T16:45:02+08:00 ] /index.php/User/index | ERR: (ThinkException) Access denied for user 'root'@'localhost' (using password: NO)
[ 2012-05-02T16:45:02+08:00 ] /index.php/User/index | ERR: (ThinkException) Access denied for user 'root'@'localhost' (using password: NO)
[ 2012-05-02T16:45:03+08:00 ] /index.php/User/index | ERR: (ThinkException) Access denied for user 'root'@'localhost' (using password: NO)
[ 2012-05-02T16:45:03+08:00 ] /index.php/User/index | ERR: (ThinkException) Access denied for user 'root'@'localhost' (using password: NO)
[ 2012-05-02T16:45:03+08:00 ] /index.php/User/index | ERR: (ThinkException) Access denied for user 'root'@'localhost' (using password: NO)
[ 2012-05-02T16:45:03+08:00 ] /index.php/User/index | ERR: (ThinkException) Access denied for user 'root'@'localhost' (using password: NO)
[ 2012-05-02T16:45:03+08:00 ] /index.php/User/index | ERR: (ThinkException) Access denied for user 'root'@'localhost' (using password: NO)
[ 2012-05-02T16:45:04+08:00 ] /index.php/User/index | ERR: (ThinkException) Access denied for user 'root'@'localhost' (using password: NO)
[ 2012-05-02T16:45:04+08:00 ] /index.php/User/index | ERR: (ThinkException) Access denied for user 'root'@'localhost' (using password: NO)
[ 2012-05-02T16:45:04+08:00 ] /index.php/User/index | ERR: (ThinkException) Access denied for user 'root'@'localhost' (using password: NO)
[ 2012-05-02T16:45:04+08:00 ] /index.php/User/index | ERR: (ThinkException) Access denied for user 'root'@'localhost' (using password: NO)
[ 2012-05-02T16:45:04+08:00 ] /index.php/User/index | ERR: (ThinkException) Access denied for user 'root'@'localhost' (using password: NO)
[ 2012-05-02T16:45:07+08:00 ] /index.php/User/index | ERR: (ThinkException) Access denied for user 'root'@'localhost' (using password: NO)
[ 2012-05-02T16:45:07+08:00 ] /index.php/User/index | ERR: (ThinkException) Access denied for user 'root'@'localhost' (using password: NO)
[ 2012-05-02T16:45:07+08:00 ] /index.php/User/index | ERR: (ThinkException) Access denied for user 'root'@'localhost' (using password: NO)
[ 2012-05-02T16:45:16+08:00 ] /index.php/User/index | ERR: (ThinkException) Access denied for user 'test1'@'localhost' (using password: YES)
[ 2012-05-02T16:47:01+08:00 ] /index.php/User/index | ERR: (ThinkException) 模板不存在[./cityosweb//Tpl/default/User/index.html]
[ 2012-05-02T16:47:02+08:00 ] /index.php/User/index | ERR: (ThinkException) 模板不存在[./cityosweb//Tpl/default/User/index.html]
[ 2012-05-02T16:47:12+08:00 ] /index.php/User/index | SQL: SHOW COLUMNS FROM `think_user` [ RunTime:0.002964s ]
[ 2012-05-02T16:47:12+08:00 ] /index.php/User/index | SQL: SELECT * FROM `think_user` ORDER BY id desc LIMIT 6  [ RunTime:0.000186s ]
[ 2012-05-02T16:47:13+08:00 ] /index.php/User/index | SQL: SHOW COLUMNS FROM `think_user` [ RunTime:0.002272s ]
[ 2012-05-02T16:47:13+08:00 ] /index.php/User/index | SQL: SELECT * FROM `think_user` ORDER BY id desc LIMIT 6  [ RunTime:0.000234s ]
[ 2012-05-02T16:47:13+08:00 ] /index.php/User/index | SQL: SHOW COLUMNS FROM `think_user` [ RunTime:0.002266s ]
[ 2012-05-02T16:47:13+08:00 ] /index.php/User/index | SQL: SELECT * FROM `think_user` ORDER BY id desc LIMIT 6  [ RunTime:0.000194s ]
[ 2012-05-02T16:47:13+08:00 ] /index.php/User/index | SQL: SHOW COLUMNS FROM `think_user` [ RunTime:0.002222s ]
[ 2012-05-02T16:47:13+08:00 ] /index.php/User/index | SQL: SELECT * FROM `think_user` ORDER BY id desc LIMIT 6  [ RunTime:0.000227s ]
[ 2012-05-02T16:47:42+08:00 ] /index.php/User/index | SQL: SHOW COLUMNS FROM `think_user` [ RunTime:0.002111s ]
[ 2012-05-02T16:47:42+08:00 ] /index.php/User/index | SQL: SELECT * FROM `think_user` ORDER BY id desc LIMIT 6  [ RunTime:0.000189s ]
[ 2012-05-02T16:49:25+08:00 ] /index.php/User/info | SQL: SHOW COLUMNS FROM `think_info` [ RunTime:0.001661s ]
[ 2012-05-02T17:15:33+08:00 ] /index.php/User/index | SQL: SHOW COLUMNS FROM `think_user` [ RunTime:0.002437s ]
[ 2012-05-02T17:15:33+08:00 ] /index.php/User/index | SQL: SELECT * FROM `think_user` ORDER BY id desc LIMIT 6  [ RunTime:0.000203s ]
[ 2012-05-02T17:15:38+08:00 ] /index.php/User/index | SQL: SHOW COLUMNS FROM `think_user` [ RunTime:0.002284s ]
[ 2012-05-02T17:15:38+08:00 ] /index.php/User/index | SQL: SELECT * FROM `think_user` ORDER BY id desc LIMIT 6  [ RunTime:0.000197s ]
[ 2012-05-02T17:15:38+08:00 ] /index.php/User/index | SQL: SHOW COLUMNS FROM `think_user` [ RunTime:0.002360s ]
[ 2012-05-02T17:15:38+08:00 ] /index.php/User/index | SQL: SELECT * FROM `think_user` ORDER BY id desc LIMIT 6  [ RunTime:0.000214s ]
[ 2012-05-02T17:15:39+08:00 ] /index.php/User/index | SQL: SHOW COLUMNS FROM `think_user` [ RunTime:0.002336s ]
[ 2012-05-02T17:15:39+08:00 ] /index.php/User/index | SQL: SELECT * FROM `think_user` ORDER BY id desc LIMIT 6  [ RunTime:0.000236s ]
[ 2012-05-02T17:15:39+08:00 ] /index.php/User/index | SQL: SHOW COLUMNS FROM `think_user` [ RunTime:0.002171s ]
[ 2012-05-02T17:15:39+08:00 ] /index.php/User/index | SQL: SELECT * FROM `think_user` ORDER BY id desc LIMIT 6  [ RunTime:0.000189s ]
[ 2012-05-02T17:15:39+08:00 ] /index.php/User/index | SQL: SHOW COLUMNS FROM `think_user` [ RunTime:0.002208s ]
[ 2012-05-02T17:15:39+08:00 ] /index.php/User/index | SQL: SELECT * FROM `think_user` ORDER BY id desc LIMIT 6  [ RunTime:0.000200s ]
[ 2012-05-02T17:15:49+08:00 ] /index.php/User/index | SQL: SHOW COLUMNS FROM `think_user` [ RunTime:0.002290s ]
[ 2012-05-02T17:15:49+08:00 ] /index.php/User/index | SQL: SELECT * FROM `think_user` ORDER BY id desc LIMIT 6  [ RunTime:0.000204s ]
[ 2012-05-02T17:15:49+08:00 ] /index.php/User/index | SQL: SHOW COLUMNS FROM `think_user` [ RunTime:0.002280s ]
[ 2012-05-02T17:15:49+08:00 ] /index.php/User/index | SQL: SELECT * FROM `think_user` ORDER BY id desc LIMIT 6  [ RunTime:0.000199s ]
[ 2012-05-02T17:15:49+08:00 ] /index.php/User/index | SQL: SHOW COLUMNS FROM `think_user` [ RunTime:0.002170s ]
[ 2012-05-02T17:15:49+08:00 ] /index.php/User/index | SQL: SELECT * FROM `think_user` ORDER BY id desc LIMIT 6  [ RunTime:0.000194s ]
[ 2012-05-02T17:15:49+08:00 ] /index.php/User/index | SQL: SHOW COLUMNS FROM `think_user` [ RunTime:0.002325s ]
[ 2012-05-02T17:15:49+08:00 ] /index.php/User/index | SQL: SELECT * FROM `think_user` ORDER BY id desc LIMIT 6  [ RunTime:0.000197s ]
[ 2012-05-02T17:15:49+08:00 ] /index.php/User/index | SQL: SHOW COLUMNS FROM `think_user` [ RunTime:0.002169s ]
[ 2012-05-02T17:15:49+08:00 ] /index.php/User/index | SQL: SELECT * FROM `think_user` ORDER BY id desc LIMIT 6  [ RunTime:0.000170s ]
[ 2012-05-02T17:15:49+08:00 ] /index.php/User/index | SQL: SHOW COLUMNS FROM `think_user` [ RunTime:0.002223s ]
[ 2012-05-02T17:15:49+08:00 ] /index.php/User/index | SQL: SELECT * FROM `think_user` ORDER BY id desc LIMIT 6  [ RunTime:0.000197s ]
[ 2012-05-02T17:15:50+08:00 ] /index.php/User/index | SQL: SHOW COLUMNS FROM `think_user` [ RunTime:0.002241s ]
[ 2012-05-02T17:15:50+08:00 ] /index.php/User/index | SQL: SELECT * FROM `think_user` ORDER BY id desc LIMIT 6  [ RunTime:0.000220s ]
[ 2012-05-02T17:15:50+08:00 ] /index.php/User/index | SQL: SHOW COLUMNS FROM `think_user` [ RunTime:0.002071s ]
[ 2012-05-02T17:15:50+08:00 ] /index.php/User/index | SQL: SELECT * FROM `think_user` ORDER BY id desc LIMIT 6  [ RunTime:0.000192s ]
[ 2012-05-02T17:16:00+08:00 ] /index.php/User/index | SQL: SHOW COLUMNS FROM `think_user` [ RunTime:0.002678s ]
[ 2012-05-02T17:16:00+08:00 ] /index.php/User/index | SQL: SELECT * FROM `think_user` ORDER BY id desc LIMIT 6  [ RunTime:0.000182s ]
[ 2012-05-02T17:16:01+08:00 ] /index.php/User/index | SQL: SHOW COLUMNS FROM `think_user` [ RunTime:0.002122s ]
[ 2012-05-02T17:16:01+08:00 ] /index.php/User/index | SQL: SELECT * FROM `think_user` ORDER BY id desc LIMIT 6  [ RunTime:0.000181s ]
[ 2012-05-02T17:16:01+08:00 ] /index.php/User/index | SQL: SHOW COLUMNS FROM `think_user` [ RunTime:0.002309s ]
[ 2012-05-02T17:16:01+08:00 ] /index.php/User/index | SQL: SELECT * FROM `think_user` ORDER BY id desc LIMIT 6  [ RunTime:0.000198s ]
[ 2012-05-02T17:16:01+08:00 ] /index.php/User/index | SQL: SHOW COLUMNS FROM `think_user` [ RunTime:0.002261s ]
[ 2012-05-02T17:16:01+08:00 ] /index.php/User/index | SQL: SELECT * FROM `think_user` ORDER BY id desc LIMIT 6  [ RunTime:0.000194s ]
[ 2012-05-02T17:16:01+08:00 ] /index.php/User/index | SQL: SHOW COLUMNS FROM `think_user` [ RunTime:0.002667s ]
[ 2012-05-02T17:16:01+08:00 ] /index.php/User/index | SQL: SELECT * FROM `think_user` ORDER BY id desc LIMIT 6  [ RunTime:0.000171s ]
[ 2012-05-02T17:16:01+08:00 ] /index.php/User/index | SQL: SHOW COLUMNS FROM `think_user` [ RunTime:0.002216s ]
[ 2012-05-02T17:16:01+08:00 ] /index.php/User/index | SQL: SELECT * FROM `think_user` ORDER BY id desc LIMIT 6  [ RunTime:0.000223s ]
[ 2012-05-02T17:16:15+08:00 ] /index.php/User/index | SQL: SHOW COLUMNS FROM `think_user` [ RunTime:0.002214s ]
[ 2012-05-02T17:16:15+08:00 ] /index.php/User/index | SQL: SELECT * FROM `think_user` ORDER BY id desc LIMIT 6  [ RunTime:0.000215s ]
[ 2012-05-02T17:16:15+08:00 ] /index.php/User/index | SQL: SHOW COLUMNS FROM `think_user` [ RunTime:0.002206s ]
[ 2012-05-02T17:16:15+08:00 ] /index.php/User/index | SQL: SELECT * FROM `think_user` ORDER BY id desc LIMIT 6  [ RunTime:0.000194s ]
[ 2012-05-02T17:16:15+08:00 ] /index.php/User/index | SQL: SHOW COLUMNS FROM `think_user` [ RunTime:0.002409s ]
[ 2012-05-02T17:16:15+08:00 ] /index.php/User/index | SQL: SELECT * FROM `think_user` ORDER BY id desc LIMIT 6  [ RunTime:0.000204s ]
[ 2012-05-02T17:16:15+08:00 ] /index.php/User/index | SQL: SHOW COLUMNS FROM `think_user` [ RunTime:0.002156s ]
[ 2012-05-02T17:16:15+08:00 ] /index.php/User/index | SQL: SELECT * FROM `think_user` ORDER BY id desc LIMIT 6  [ RunTime:0.000188s ]
[ 2012-05-02T17:16:15+08:00 ] /index.php/User/index | SQL: SHOW COLUMNS FROM `think_user` [ RunTime:0.002151s ]
[ 2012-05-02T17:16:15+08:00 ] /index.php/User/index | SQL: SELECT * FROM `think_user` ORDER BY id desc LIMIT 6  [ RunTime:0.000214s ]
[ 2012-05-02T17:16:16+08:00 ] /index.php/User/index | SQL: SHOW COLUMNS FROM `think_user` [ RunTime:0.002425s ]
[ 2012-05-02T17:16:16+08:00 ] /index.php/User/index | SQL: SELECT * FROM `think_user` ORDER BY id desc LIMIT 6  [ RunTime:0.000264s ]
[ 2012-05-02T17:16:16+08:00 ] /index.php/User/index | SQL: SHOW COLUMNS FROM `think_user` [ RunTime:0.002218s ]
[ 2012-05-02T17:16:16+08:00 ] /index.php/User/index | SQL: SELECT * FROM `think_user` ORDER BY id desc LIMIT 6  [ RunTime:0.000372s ]
[ 2012-05-02T17:16:16+08:00 ] /index.php/User/index | SQL: SHOW COLUMNS FROM `think_user` [ RunTime:0.002979s ]
[ 2012-05-02T17:16:16+08:00 ] /index.php/User/index | SQL: SELECT * FROM `think_user` ORDER BY id desc LIMIT 6  [ RunTime:0.000180s ]
[ 2012-05-02T17:16:16+08:00 ] /index.php/User/index | SQL: SHOW COLUMNS FROM `think_user` [ RunTime:0.002257s ]
[ 2012-05-02T17:16:16+08:00 ] /index.php/User/index | SQL: SELECT * FROM `think_user` ORDER BY id desc LIMIT 6  [ RunTime:0.000193s ]
[ 2012-05-02T17:16:33+08:00 ] /index.php/User/index | SQL: SHOW COLUMNS FROM `think_user` [ RunTime:0.003612s ]
[ 2012-05-02T17:16:33+08:00 ] /index.php/User/index | SQL: SELECT * FROM `think_user` ORDER BY id desc LIMIT 6  [ RunTime:0.000174s ]
[ 2012-05-02T17:16:34+08:00 ] /index.php/User/index | SQL: SHOW COLUMNS FROM `think_user` [ RunTime:0.002191s ]
[ 2012-05-02T17:16:34+08:00 ] /index.php/User/index | SQL: SELECT * FROM `think_user` ORDER BY id desc LIMIT 6  [ RunTime:0.000215s ]
[ 2012-05-02T17:16:34+08:00 ] /index.php/User/index | SQL: SHOW COLUMNS FROM `think_user` [ RunTime:0.002209s ]
[ 2012-05-02T17:16:34+08:00 ] /index.php/User/index | SQL: SELECT * FROM `think_user` ORDER BY id desc LIMIT 6  [ RunTime:0.000196s ]
[ 2012-05-02T17:16:34+08:00 ] /index.php/User/index | SQL: SHOW COLUMNS FROM `think_user` [ RunTime:0.002226s ]
[ 2012-05-02T17:16:34+08:00 ] /index.php/User/index | SQL: SELECT * FROM `think_user` ORDER BY id desc LIMIT 6  [ RunTime:0.000194s ]
[ 2012-05-02T17:16:35+08:00 ] /index.php/User/index | SQL: SHOW COLUMNS FROM `think_user` [ RunTime:0.002504s ]
[ 2012-05-02T17:16:35+08:00 ] /index.php/User/index | SQL: SELECT * FROM `think_user` ORDER BY id desc LIMIT 6  [ RunTime:0.000215s ]
[ 2012-05-02T17:16:35+08:00 ] /index.php/User/index | SQL: SHOW COLUMNS FROM `think_user` [ RunTime:0.002233s ]
[ 2012-05-02T17:16:35+08:00 ] /index.php/User/index | SQL: SELECT * FROM `think_user` ORDER BY id desc LIMIT 6  [ RunTime:0.000197s ]
[ 2012-05-02T17:16:35+08:00 ] /index.php/User/index | SQL: SHOW COLUMNS FROM `think_user` [ RunTime:0.002252s ]
[ 2012-05-02T17:16:35+08:00 ] /index.php/User/index | SQL: SELECT * FROM `think_user` ORDER BY id desc LIMIT 6  [ RunTime:0.000195s ]
[ 2012-05-02T17:16:35+08:00 ] /index.php/User/index | SQL: SHOW COLUMNS FROM `think_user` [ RunTime:0.002303s ]
[ 2012-05-02T17:16:35+08:00 ] /index.php/User/index | SQL: SELECT * FROM `think_user` ORDER BY id desc LIMIT 6  [ RunTime:0.000196s ]
[ 2012-05-02T17:17:01+08:00 ] /index.php/User/index | SQL: SHOW COLUMNS FROM `think_user` [ RunTime:0.002844s ]
[ 2012-05-02T17:17:01+08:00 ] /index.php/User/index | SQL: SELECT * FROM `think_user` ORDER BY id desc LIMIT 6  [ RunTime:0.000197s ]
[ 2012-05-02T17:17:01+08:00 ] /index.php/User/index | SQL: SHOW COLUMNS FROM `think_user` [ RunTime:0.002556s ]
[ 2012-05-02T17:17:01+08:00 ] /index.php/User/index | SQL: SELECT * FROM `think_user` ORDER BY id desc LIMIT 6  [ RunTime:0.000234s ]
[ 2012-05-02T17:17:02+08:00 ] /index.php/User/index | SQL: SHOW COLUMNS FROM `think_user` [ RunTime:0.002729s ]
[ 2012-05-02T17:17:02+08:00 ] /index.php/User/index | SQL: SELECT * FROM `think_user` ORDER BY id desc LIMIT 6  [ RunTime:0.000242s ]
[ 2012-05-02T17:17:02+08:00 ] /index.php/User/index | SQL: SHOW COLUMNS FROM `think_user` [ RunTime:0.002208s ]
[ 2012-05-02T17:17:02+08:00 ] /index.php/User/index | SQL: SELECT * FROM `think_user` ORDER BY id desc LIMIT 6  [ RunTime:0.000195s ]
[ 2012-05-02T17:17:02+08:00 ] /index.php/User/index | SQL: SHOW COLUMNS FROM `think_user` [ RunTime:0.002204s ]
[ 2012-05-02T17:17:02+08:00 ] /index.php/User/index | SQL: SELECT * FROM `think_user` ORDER BY id desc LIMIT 6  [ RunTime:0.000232s ]
[ 2012-05-02T17:17:02+08:00 ] /index.php/User/index | SQL: SHOW COLUMNS FROM `think_user` [ RunTime:0.002210s ]
[ 2012-05-02T17:17:02+08:00 ] /index.php/User/index | SQL: SELECT * FROM `think_user` ORDER BY id desc LIMIT 6  [ RunTime:0.000157s ]
[ 2012-05-02T17:17:02+08:00 ] /index.php/User/index | SQL: SHOW COLUMNS FROM `think_user` [ RunTime:0.002080s ]
[ 2012-05-02T17:17:02+08:00 ] /index.php/User/index | SQL: SELECT * FROM `think_user` ORDER BY id desc LIMIT 6  [ RunTime:0.000189s ]
[ 2012-05-02T17:17:03+08:00 ] /index.php/User/index | SQL: SHOW COLUMNS FROM `think_user` [ RunTime:0.002277s ]
[ 2012-05-02T17:17:03+08:00 ] /index.php/User/index | SQL: SELECT * FROM `think_user` ORDER BY id desc LIMIT 6  [ RunTime:0.000196s ]
[ 2012-05-02T17:17:03+08:00 ] /index.php/User/index | SQL: SHOW COLUMNS FROM `think_user` [ RunTime:0.002251s ]
[ 2012-05-02T17:17:03+08:00 ] /index.php/User/index | SQL: SELECT * FROM `think_user` ORDER BY id desc LIMIT 6  [ RunTime:0.000431s ]
[ 2012-05-02T17:17:03+08:00 ] /index.php/User/index | SQL: SHOW COLUMNS FROM `think_user` [ RunTime:0.002532s ]
[ 2012-05-02T17:17:03+08:00 ] /index.php/User/index | SQL: SELECT * FROM `think_user` ORDER BY id desc LIMIT 6  [ RunTime:0.000214s ]
[ 2012-05-02T17:17:03+08:00 ] /index.php/User/index | SQL: SHOW COLUMNS FROM `think_user` [ RunTime:0.002281s ]
[ 2012-05-02T17:17:03+08:00 ] /index.php/User/index | SQL: SELECT * FROM `think_user` ORDER BY id desc LIMIT 6  [ RunTime:0.000193s ]
[ 2012-05-02T17:17:03+08:00 ] /index.php/User/index | SQL: SHOW COLUMNS FROM `think_user` [ RunTime:0.002217s ]
[ 2012-05-02T17:17:03+08:00 ] /index.php/User/index | SQL: SELECT * FROM `think_user` ORDER BY id desc LIMIT 6  [ RunTime:0.000169s ]
[ 2012-05-02T17:17:04+08:00 ] /index.php/User/index | SQL: SHOW COLUMNS FROM `think_user` [ RunTime:0.002309s ]
[ 2012-05-02T17:17:04+08:00 ] /index.php/User/index | SQL: SELECT * FROM `think_user` ORDER BY id desc LIMIT 6  [ RunTime:0.000234s ]
[ 2012-05-02T17:17:04+08:00 ] /index.php/User/index | SQL: SHOW COLUMNS FROM `think_user` [ RunTime:0.002275s ]
[ 2012-05-02T17:17:04+08:00 ] /index.php/User/index | SQL: SELECT * FROM `think_user` ORDER BY id desc LIMIT 6  [ RunTime:0.000194s ]
[ 2012-05-02T17:17:04+08:00 ] /index.php/User/index | SQL: SHOW COLUMNS FROM `think_user` [ RunTime:0.002219s ]
[ 2012-05-02T17:17:04+08:00 ] /index.php/User/index | SQL: SELECT * FROM `think_user` ORDER BY id desc LIMIT 6  [ RunTime:0.000144s ]
[ 2012-05-02T17:17:04+08:00 ] /index.php/User/index | SQL: SHOW COLUMNS FROM `think_user` [ RunTime:0.002557s ]
[ 2012-05-02T17:17:04+08:00 ] /index.php/User/index | SQL: SELECT * FROM `think_user` ORDER BY id desc LIMIT 6  [ RunTime:0.000180s ]
[ 2012-05-02T17:17:04+08:00 ] /index.php/User/index | SQL: SHOW COLUMNS FROM `think_user` [ RunTime:0.002198s ]
[ 2012-05-02T17:17:04+08:00 ] /index.php/User/index | SQL: SELECT * FROM `think_user` ORDER BY id desc LIMIT 6  [ RunTime:0.000170s ]
[ 2012-05-02T17:17:05+08:00 ] /index.php/User/index | SQL: SHOW COLUMNS FROM `think_user` [ RunTime:0.002193s ]
[ 2012-05-02T17:17:05+08:00 ] /index.php/User/index | SQL: SELECT * FROM `think_user` ORDER BY id desc LIMIT 6  [ RunTime:0.000191s ]
[ 2012-05-02T17:17:05+08:00 ] /index.php/User/index | SQL: SHOW COLUMNS FROM `think_user` [ RunTime:0.002251s ]
[ 2012-05-02T17:17:05+08:00 ] /index.php/User/index | SQL: SELECT * FROM `think_user` ORDER BY id desc LIMIT 6  [ RunTime:0.000179s ]
[ 2012-05-02T17:17:19+08:00 ] /index.php/User/index | SQL: SHOW COLUMNS FROM `think_user` [ RunTime:0.002277s ]
[ 2012-05-02T17:17:19+08:00 ] /index.php/User/index | SQL: SELECT * FROM `think_user` ORDER BY id desc LIMIT 6  [ RunTime:0.000217s ]
[ 2012-05-02T17:17:19+08:00 ] /index.php/User/index | SQL: SHOW COLUMNS FROM `think_user` [ RunTime:0.002566s ]
[ 2012-05-02T17:17:19+08:00 ] /index.php/User/index | SQL: SELECT * FROM `think_user` ORDER BY id desc LIMIT 6  [ RunTime:0.000203s ]
[ 2012-05-02T17:17:20+08:00 ] /index.php/User/index | SQL: SHOW COLUMNS FROM `think_user` [ RunTime:0.002326s ]
[ 2012-05-02T17:17:20+08:00 ] /index.php/User/index | SQL: SELECT * FROM `think_user` ORDER BY id desc LIMIT 6  [ RunTime:0.000216s ]
[ 2012-05-02T17:17:20+08:00 ] /index.php/User/index | SQL: SHOW COLUMNS FROM `think_user` [ RunTime:0.002314s ]
[ 2012-05-02T17:17:20+08:00 ] /index.php/User/index | SQL: SELECT * FROM `think_user` ORDER BY id desc LIMIT 6  [ RunTime:0.000236s ]
[ 2012-05-02T17:17:20+08:00 ] /index.php/User/index | SQL: SHOW COLUMNS FROM `think_user` [ RunTime:0.002168s ]
[ 2012-05-02T17:17:20+08:00 ] /index.php/User/index | SQL: SELECT * FROM `think_user` ORDER BY id desc LIMIT 6  [ RunTime:0.000170s ]
[ 2012-05-02T17:17:20+08:00 ] /index.php/User/index | SQL: SHOW COLUMNS FROM `think_user` [ RunTime:0.002215s ]
[ 2012-05-02T17:17:20+08:00 ] /index.php/User/index | SQL: SELECT * FROM `think_user` ORDER BY id desc LIMIT 6  [ RunTime:0.000192s ]
[ 2012-05-02T17:17:20+08:00 ] /index.php/User/index | SQL: SHOW COLUMNS FROM `think_user` [ RunTime:0.002396s ]
[ 2012-05-02T17:17:20+08:00 ] /index.php/User/index | SQL: SELECT * FROM `think_user` ORDER BY id desc LIMIT 6  [ RunTime:0.000215s ]
[ 2012-05-02T17:17:21+08:00 ] /index.php/User/index | SQL: SHOW COLUMNS FROM `think_user` [ RunTime:0.002288s ]
[ 2012-05-02T17:17:21+08:00 ] /index.php/User/index | SQL: SELECT * FROM `think_user` ORDER BY id desc LIMIT 6  [ RunTime:0.000240s ]
[ 2012-05-02T17:19:45+08:00 ] /index.php/Index/index | SQL: SHOW COLUMNS FROM `think_user` [ RunTime:0.002304s ]
[ 2012-05-02T17:19:45+08:00 ] /index.php/Index/index | SQL: SHOW COLUMNS FROM `think_user` [ RunTime:0.002286s ]
[ 2012-05-02T17:19:45+08:00 ] /index.php/Index/index | SQL: SHOW COLUMNS FROM `think_user` [ RunTime:0.002531s ]
[ 2012-05-02T17:19:45+08:00 ] /index.php/Index/index | SQL: SHOW COLUMNS FROM `think_user` [ RunTime:0.002352s ]
[ 2012-05-02T17:19:45+08:00 ] /index.php/Index/index | SQL: SHOW COLUMNS FROM `think_user` [ RunTime:0.002347s ]
[ 2012-05-02T17:19:46+08:00 ] /index.php/Index/index | SQL: SHOW COLUMNS FROM `think_user` [ RunTime:0.002230s ]
[ 2012-05-02T17:19:46+08:00 ] /index.php/Index/index | SQL: SHOW COLUMNS FROM `think_user` [ RunTime:0.002322s ]
[ 2012-05-02T17:19:46+08:00 ] /index.php/Index/index | SQL: SHOW COLUMNS FROM `think_user` [ RunTime:0.002321s ]
[ 2012-05-02T17:19:46+08:00 ] /index.php/Index/index | SQL: SHOW COLUMNS FROM `think_user` [ RunTime:0.002245s ]
[ 2012-05-02T17:19:46+08:00 ] /index.php/Index/index | SQL: SHOW COLUMNS FROM `think_user` [ RunTime:0.002278s ]
[ 2012-05-02T17:19:47+08:00 ] /index.php/Index/index | SQL: SHOW COLUMNS FROM `think_user` [ RunTime:0.002281s ]
[ 2012-05-02T17:19:47+08:00 ] /index.php/Index/index | SQL: SHOW COLUMNS FROM `think_user` [ RunTime:0.002257s ]
[ 2012-05-02T17:22:12+08:00 ] /index.php/Index/index | SQL: SHOW COLUMNS FROM `think_user` [ RunTime:0.002205s ]
[ 2012-05-02T17:22:12+08:00 ] /index.php/Index/index | SQL: SELECT * FROM `think_user` [ RunTime:0.000306s ]
[ 2012-05-02T17:22:12+08:00 ] /index.php/Index/index | SQL: SHOW COLUMNS FROM `think_user` [ RunTime:0.002326s ]
[ 2012-05-02T17:22:12+08:00 ] /index.php/Index/index | SQL: SELECT * FROM `think_user` [ RunTime:0.000236s ]
[ 2012-05-02T17:22:14+08:00 ] /index.php/Index/index | SQL: SHOW COLUMNS FROM `think_user` [ RunTime:0.002235s ]
[ 2012-05-02T17:22:14+08:00 ] /index.php/Index/index | SQL: SELECT * FROM `think_user` [ RunTime:0.000194s ]
[ 2012-05-02T17:22:14+08:00 ] /index.php/Index/index | SQL: SHOW COLUMNS FROM `think_user` [ RunTime:0.002217s ]
[ 2012-05-02T17:22:14+08:00 ] /index.php/Index/index | SQL: SELECT * FROM `think_user` [ RunTime:0.000214s ]
[ 2012-05-02T17:22:14+08:00 ] /index.php/Index/index | SQL: SHOW COLUMNS FROM `think_user` [ RunTime:0.002217s ]
[ 2012-05-02T17:22:14+08:00 ] /index.php/Index/index | SQL: SELECT * FROM `think_user` [ RunTime:0.000196s ]
[ 2012-05-02T17:22:14+08:00 ] /index.php/Index/index | SQL: SHOW COLUMNS FROM `think_user` [ RunTime:0.002288s ]
[ 2012-05-02T17:22:14+08:00 ] /index.php/Index/index | SQL: SELECT * FROM `think_user` [ RunTime:0.000174s ]
[ 2012-05-02T17:22:15+08:00 ] /index.php/Index/index | SQL: SHOW COLUMNS FROM `think_user` [ RunTime:0.002307s ]
[ 2012-05-02T17:22:15+08:00 ] /index.php/Index/index | SQL: SELECT * FROM `think_user` [ RunTime:0.000191s ]
[ 2012-05-02T17:22:15+08:00 ] /index.php/Index/index | SQL: SHOW COLUMNS FROM `think_user` [ RunTime:0.002144s ]
[ 2012-05-02T17:22:15+08:00 ] /index.php/Index/index | SQL: SELECT * FROM `think_user` [ RunTime:0.000209s ]
[ 2012-05-02T17:22:16+08:00 ] /index.php/Index/index | SQL: SHOW COLUMNS FROM `think_user` [ RunTime:0.002220s ]
[ 2012-05-02T17:22:16+08:00 ] /index.php/Index/index | SQL: SELECT * FROM `think_user` [ RunTime:0.000233s ]
[ 2012-05-02T17:31:34+08:00 ] /index.php/Index/index | SQL: SHOW COLUMNS FROM `think_user` [ RunTime:0.002201s ]
[ 2012-05-02T17:31:34+08:00 ] /index.php/Index/index | SQL: SELECT * FROM `think_user` [ RunTime:0.000223s ]
[ 2012-05-02T17:31:34+08:00 ] /index.php/Index/index | SQL: SHOW COLUMNS FROM `think_user` [ RunTime:0.002233s ]
[ 2012-05-02T17:31:34+08:00 ] /index.php/Index/index | SQL: SELECT * FROM `think_user` [ RunTime:0.000218s ]
[ 2012-05-02T17:31:34+08:00 ] /index.php/Index/index | SQL: SHOW COLUMNS FROM `think_user` [ RunTime:0.002244s ]
[ 2012-05-02T17:31:34+08:00 ] /index.php/Index/index | SQL: SELECT * FROM `think_user` [ RunTime:0.000216s ]
[ 2012-05-02T17:31:34+08:00 ] /index.php/Index/index | SQL: SHOW COLUMNS FROM `think_user` [ RunTime:0.002241s ]
[ 2012-05-02T17:31:34+08:00 ] /index.php/Index/index | SQL: SELECT * FROM `think_user` [ RunTime:0.000240s ]
[ 2012-05-02T17:31:35+08:00 ] /index.php/Index/index | SQL: SHOW COLUMNS FROM `think_user` [ RunTime:0.002211s ]
[ 2012-05-02T17:31:35+08:00 ] /index.php/Index/index | SQL: SELECT * FROM `think_user` [ RunTime:0.000460s ]
[ 2012-05-02T17:31:35+08:00 ] /index.php/Index/index | SQL: SHOW COLUMNS FROM `think_user` [ RunTime:0.002226s ]
[ 2012-05-02T17:31:35+08:00 ] /index.php/Index/index | SQL: SELECT * FROM `think_user` [ RunTime:0.000206s ]
[ 2012-05-02T17:31:35+08:00 ] /index.php/Index/index | SQL: SHOW COLUMNS FROM `think_user` [ RunTime:0.002277s ]
[ 2012-05-02T17:31:35+08:00 ] /index.php/Index/index | SQL: SELECT * FROM `think_user` [ RunTime:0.000242s ]
[ 2012-05-02T17:31:35+08:00 ] /index.php/Index/index | SQL: SHOW COLUMNS FROM `think_user` [ RunTime:0.002281s ]
[ 2012-05-02T17:31:35+08:00 ] /index.php/Index/index | SQL: SELECT * FROM `think_user` [ RunTime:0.000207s ]
[ 2012-05-02T17:31:35+08:00 ] /index.php/Index/index | SQL: SHOW COLUMNS FROM `think_user` [ RunTime:0.002181s ]
[ 2012-05-02T17:31:35+08:00 ] /index.php/Index/index | SQL: SELECT * FROM `think_user` [ RunTime:0.000218s ]
[ 2012-05-02T17:31:43+08:00 ] /index.php/Index/index | SQL: SHOW COLUMNS FROM `think_user` [ RunTime:0.002166s ]
[ 2012-05-02T17:31:43+08:00 ] /index.php/Index/index | SQL: SELECT * FROM `think_user` [ RunTime:0.000243s ]
[ 2012-05-02T17:31:43+08:00 ] /index.php/Index/index | SQL: SHOW COLUMNS FROM `think_user` [ RunTime:0.002147s ]
[ 2012-05-02T17:31:43+08:00 ] /index.php/Index/index | SQL: SELECT * FROM `think_user` [ RunTime:0.000237s ]
[ 2012-05-02T17:31:44+08:00 ] /index.php/Index/index | SQL: SHOW COLUMNS FROM `think_user` [ RunTime:0.002162s ]
[ 2012-05-02T17:31:44+08:00 ] /index.php/Index/index | SQL: SELECT * FROM `think_user` [ RunTime:0.000191s ]
[ 2012-05-02T17:31:44+08:00 ] /index.php/Index/index | SQL: SHOW COLUMNS FROM `think_user` [ RunTime:0.002280s ]
[ 2012-05-02T17:31:44+08:00 ] /index.php/Index/index | SQL: SELECT * FROM `think_user` [ RunTime:0.000225s ]
[ 2012-05-02T17:31:44+08:00 ] /index.php/Index/index | SQL: SHOW COLUMNS FROM `think_user` [ RunTime:0.002897s ]
[ 2012-05-02T17:31:44+08:00 ] /index.php/Index/index | SQL: SELECT * FROM `think_user` [ RunTime:0.000236s ]
[ 2012-05-02T17:31:44+08:00 ] /index.php/Index/index | SQL: SHOW COLUMNS FROM `think_user` [ RunTime:0.002166s ]
[ 2012-05-02T17:31:44+08:00 ] /index.php/Index/index | SQL: SELECT * FROM `think_user` [ RunTime:0.000228s ]
[ 2012-05-02T17:31:44+08:00 ] /index.php/Index/index | SQL: SHOW COLUMNS FROM `think_user` [ RunTime:0.002346s ]
[ 2012-05-02T17:31:44+08:00 ] /index.php/Index/index | SQL: SELECT * FROM `think_user` [ RunTime:0.000326s ]
[ 2012-05-02T17:31:58+08:00 ] /index.php/Index/index | SQL: SHOW COLUMNS FROM `think_think_user` [ RunTime:0.001750s ]
[ 2012-05-02T17:31:58+08:00 ] /index.php/Index/index | SQL: SELECT * FROM `think_think_user` [ RunTime:0.000235s ]
[ 2012-05-02T17:31:59+08:00 ] /index.php/Index/index | SQL: SHOW COLUMNS FROM `think_think_user` [ RunTime:0.002301s ]
[ 2012-05-02T17:31:59+08:00 ] /index.php/Index/index | SQL: SELECT * FROM `think_think_user` [ RunTime:0.000277s ]
[ 2012-05-02T17:31:59+08:00 ] /index.php/Index/index | SQL: SHOW COLUMNS FROM `think_think_user` [ RunTime:0.001745s ]
[ 2012-05-02T17:31:59+08:00 ] /index.php/Index/index | SQL: SELECT * FROM `think_think_user` [ RunTime:0.000364s ]
[ 2012-05-02T17:31:59+08:00 ] /index.php/Index/index | SQL: SHOW COLUMNS FROM `think_think_user` [ RunTime:0.001853s ]
[ 2012-05-02T17:31:59+08:00 ] /index.php/Index/index | SQL: SELECT * FROM `think_think_user` [ RunTime:0.000236s ]
[ 2012-05-02T17:31:59+08:00 ] /index.php/Index/index | SQL: SHOW COLUMNS FROM `think_think_user` [ RunTime:0.001790s ]
[ 2012-05-02T17:31:59+08:00 ] /index.php/Index/index | SQL: SELECT * FROM `think_think_user` [ RunTime:0.000237s ]
[ 2012-05-02T17:31:59+08:00 ] /index.php/Index/index | SQL: SHOW COLUMNS FROM `think_think_user` [ RunTime:0.001755s ]
[ 2012-05-02T17:31:59+08:00 ] /index.php/Index/index | SQL: SELECT * FROM `think_think_user` [ RunTime:0.000235s ]
[ 2012-05-02T17:31:59+08:00 ] /index.php/Index/index | SQL: SHOW COLUMNS FROM `think_think_user` [ RunTime:0.001734s ]
[ 2012-05-02T17:31:59+08:00 ] /index.php/Index/index | SQL: SELECT * FROM `think_think_user` [ RunTime:0.000232s ]
[ 2012-05-02T17:32:00+08:00 ] /index.php/Index/index | SQL: SHOW COLUMNS FROM `think_think_user` [ RunTime:0.001701s ]
[ 2012-05-02T17:32:00+08:00 ] /index.php/Index/index | SQL: SELECT * FROM `think_think_user` [ RunTime:0.000234s ]
[ 2012-05-02T17:32:00+08:00 ] /index.php/Index/index | SQL: SHOW COLUMNS FROM `think_think_user` [ RunTime:0.001749s ]
[ 2012-05-02T17:32:00+08:00 ] /index.php/Index/index | SQL: SELECT * FROM `think_think_user` [ RunTime:0.000233s ]
[ 2012-05-02T17:32:00+08:00 ] /index.php/Index/index | SQL: SHOW COLUMNS FROM `think_think_user` [ RunTime:0.001758s ]
[ 2012-05-02T17:32:00+08:00 ] /index.php/Index/index | SQL: SELECT * FROM `think_think_user` [ RunTime:0.000225s ]
[ 2012-05-02T17:32:00+08:00 ] /index.php/Index/index | SQL: SHOW COLUMNS FROM `think_think_user` [ RunTime:0.001750s ]
[ 2012-05-02T17:32:00+08:00 ] /index.php/Index/index | SQL: SELECT * FROM `think_think_user` [ RunTime:0.000256s ]
[ 2012-05-02T17:32:01+08:00 ] /index.php/Index/index | SQL: SHOW COLUMNS FROM `think_think_user` [ RunTime:0.002048s ]
[ 2012-05-02T17:32:01+08:00 ] /index.php/Index/index | SQL: SELECT * FROM `think_think_user` [ RunTime:0.000249s ]
[ 2012-05-02T17:32:08+08:00 ] /index.php/Index/index | SQL: SHOW COLUMNS FROM `think_think_user` [ RunTime:0.001836s ]
[ 2012-05-02T17:32:08+08:00 ] /index.php/Index/index | SQL: SELECT * FROM `think_think_user` [ RunTime:0.000259s ]
[ 2012-05-02T17:32:08+08:00 ] /index.php/Index/index | SQL: SHOW COLUMNS FROM `think_think_user` [ RunTime:0.002057s ]
[ 2012-05-02T17:32:08+08:00 ] /index.php/Index/index | SQL: SELECT * FROM `think_think_user` [ RunTime:0.000206s ]
[ 2012-05-02T17:32:08+08:00 ] /index.php/Index/index | SQL: SHOW COLUMNS FROM `think_think_user` [ RunTime:0.001779s ]
[ 2012-05-02T17:32:08+08:00 ] /index.php/Index/index | SQL: SELECT * FROM `think_think_user` [ RunTime:0.000256s ]
[ 2012-05-02T17:32:09+08:00 ] /index.php/Index/index | SQL: SHOW COLUMNS FROM `think_think_user` [ RunTime:0.002139s ]
[ 2012-05-02T17:32:09+08:00 ] /index.php/Index/index | SQL: SELECT * FROM `think_think_user` [ RunTime:0.000300s ]
[ 2012-05-02T17:32:09+08:00 ] /index.php/Index/index | SQL: SHOW COLUMNS FROM `think_think_user` [ RunTime:0.001810s ]
[ 2012-05-02T17:32:09+08:00 ] /index.php/Index/index | SQL: SELECT * FROM `think_think_user` [ RunTime:0.000233s ]
[ 2012-05-02T17:32:54+08:00 ] /index.php/Index/index | SQL: SHOW COLUMNS FROM `think_think_user` [ RunTime:0.001667s ]
[ 2012-05-02T17:32:54+08:00 ] /index.php/Index/index | SQL: SELECT * FROM `think_think_user` [ RunTime:0.000172s ]
[ 2012-05-02T17:32:55+08:00 ] /index.php/Index/index | SQL: SHOW COLUMNS FROM `think_think_user` [ RunTime:0.002229s ]
[ 2012-05-02T17:32:55+08:00 ] /index.php/Index/index | SQL: SELECT * FROM `think_think_user` [ RunTime:0.000219s ]
[ 2012-05-02T17:32:55+08:00 ] /index.php/Index/index | SQL: SHOW COLUMNS FROM `think_think_user` [ RunTime:0.001632s ]
[ 2012-05-02T17:32:55+08:00 ] /index.php/Index/index | SQL: SELECT * FROM `think_think_user` [ RunTime:0.000173s ]
[ 2012-05-02T17:32:55+08:00 ] /index.php/Index/index | SQL: SHOW COLUMNS FROM `think_think_user` [ RunTime:0.001778s ]
[ 2012-05-02T17:32:55+08:00 ] /index.php/Index/index | SQL: SELECT * FROM `think_think_user` [ RunTime:0.000243s ]
[ 2012-05-02T17:32:56+08:00 ] /index.php/Index/index | SQL: SHOW COLUMNS FROM `think_think_user` [ RunTime:0.001762s ]
[ 2012-05-02T17:32:56+08:00 ] /index.php/Index/index | SQL: SELECT * FROM `think_think_user` [ RunTime:0.000234s ]
[ 2012-05-02T17:32:56+08:00 ] /index.php/Index/index | SQL: SHOW COLUMNS FROM `think_think_user` [ RunTime:0.001740s ]
[ 2012-05-02T17:32:56+08:00 ] /index.php/Index/index | SQL: SELECT * FROM `think_think_user` [ RunTime:0.000244s ]
[ 2012-05-02T17:32:56+08:00 ] /index.php/Index/index | SQL: SHOW COLUMNS FROM `think_think_user` [ RunTime:0.001662s ]
[ 2012-05-02T17:32:56+08:00 ] /index.php/Index/index | SQL: SELECT * FROM `think_think_user` [ RunTime:0.000171s ]
[ 2012-05-02T17:33:05+08:00 ] /index.php/Index/index | SQL: SHOW COLUMNS FROM `think_user` [ RunTime:0.002177s ]
[ 2012-05-02T17:33:05+08:00 ] /index.php/Index/index | SQL: SELECT * FROM `think_user` [ RunTime:0.000223s ]
[ 2012-05-02T17:33:05+08:00 ] /index.php/Index/index | SQL: SHOW COLUMNS FROM `think_user` [ RunTime:0.002250s ]
[ 2012-05-02T17:33:05+08:00 ] /index.php/Index/index | SQL: SELECT * FROM `think_user` [ RunTime:0.000247s ]
[ 2012-05-02T17:33:05+08:00 ] /index.php/Index/index | SQL: SHOW COLUMNS FROM `think_user` [ RunTime:0.002148s ]
[ 2012-05-02T17:33:05+08:00 ] /index.php/Index/index | SQL: SELECT * FROM `think_user` [ RunTime:0.000226s ]
[ 2012-05-02T17:33:05+08:00 ] /index.php/Index/index | SQL: SHOW COLUMNS FROM `think_user` [ RunTime:0.002207s ]
[ 2012-05-02T17:33:05+08:00 ] /index.php/Index/index | SQL: SELECT * FROM `think_user` [ RunTime:0.000242s ]
[ 2012-05-02T17:33:06+08:00 ] /index.php/Index/index | SQL: SHOW COLUMNS FROM `think_user` [ RunTime:0.002324s ]
[ 2012-05-02T17:33:06+08:00 ] /index.php/Index/index | SQL: SELECT * FROM `think_user` [ RunTime:0.000223s ]
[ 2012-05-02T17:33:06+08:00 ] /index.php/Index/index | SQL: SHOW COLUMNS FROM `think_user` [ RunTime:0.002481s ]
[ 2012-05-02T17:33:06+08:00 ] /index.php/Index/index | SQL: SELECT * FROM `think_user` [ RunTime:0.000253s ]
[ 2012-05-02T17:33:06+08:00 ] /index.php/Index/index | SQL: SHOW COLUMNS FROM `think_user` [ RunTime:0.002181s ]
[ 2012-05-02T17:33:06+08:00 ] /index.php/Index/index | SQL: SELECT * FROM `think_user` [ RunTime:0.000371s ]
[ 2012-05-02T17:33:23+08:00 ] /index.php/Index/index | SQL: SHOW COLUMNS FROM `think_user` [ RunTime:0.002197s ]
[ 2012-05-02T17:33:23+08:00 ] /index.php/Index/index | SQL: SELECT * FROM `think_user` [ RunTime:0.000244s ]
[ 2012-05-02T17:33:23+08:00 ] /index.php/Index/index | SQL: SHOW COLUMNS FROM `think_user` [ RunTime:0.002186s ]
[ 2012-05-02T17:33:23+08:00 ] /index.php/Index/index | SQL: SELECT * FROM `think_user` [ RunTime:0.000217s ]
[ 2012-05-02T17:33:23+08:00 ] /index.php/Index/index | SQL: SHOW COLUMNS FROM `think_user` [ RunTime:0.002625s ]
[ 2012-05-02T17:33:23+08:00 ] /index.php/Index/index | SQL: SELECT * FROM `think_user` [ RunTime:0.000236s ]
[ 2012-05-02T17:33:23+08:00 ] /index.php/Index/index | SQL: SHOW COLUMNS FROM `think_user` [ RunTime:0.002125s ]
[ 2012-05-02T17:33:23+08:00 ] /index.php/Index/index | SQL: SELECT * FROM `think_user` [ RunTime:0.000152s ]
[ 2012-05-02T17:33:23+08:00 ] /index.php/Index/index | SQL: SHOW COLUMNS FROM `think_user` [ RunTime:0.002213s ]
[ 2012-05-02T17:33:23+08:00 ] /index.php/Index/index | SQL: SELECT * FROM `think_user` [ RunTime:0.000218s ]
[ 2012-05-02T17:33:24+08:00 ] /index.php/Index/index | SQL: SHOW COLUMNS FROM `think_user` [ RunTime:0.002148s ]
[ 2012-05-02T17:33:24+08:00 ] /index.php/Index/index | SQL: SELECT * FROM `think_user` [ RunTime:0.000498s ]
[ 2012-05-02T17:33:33+08:00 ] /index.php/Index/index | SQL: SHOW COLUMNS FROM `think_user` [ RunTime:0.002157s ]
[ 2012-05-02T17:33:33+08:00 ] /index.php/Index/index | SQL: SELECT * FROM `think_user` [ RunTime:0.000352s ]
[ 2012-05-02T17:33:33+08:00 ] /index.php/Index/index | SQL: SHOW COLUMNS FROM `think_user` [ RunTime:0.002180s ]
[ 2012-05-02T17:33:33+08:00 ] /index.php/Index/index | SQL: SELECT * FROM `think_user` [ RunTime:0.000218s ]
[ 2012-05-02T17:33:33+08:00 ] /index.php/Index/index | SQL: SHOW COLUMNS FROM `think_user` [ RunTime:0.002151s ]
[ 2012-05-02T17:33:33+08:00 ] /index.php/Index/index | SQL: SELECT * FROM `think_user` [ RunTime:0.000170s ]
[ 2012-05-02T17:33:33+08:00 ] /index.php/Index/index | SQL: SHOW COLUMNS FROM `think_user` [ RunTime:0.002258s ]
[ 2012-05-02T17:33:33+08:00 ] /index.php/Index/index | SQL: SELECT * FROM `think_user` [ RunTime:0.000349s ]
[ 2012-05-02T17:33:33+08:00 ] /index.php/Index/index | SQL: SHOW COLUMNS FROM `think_user` [ RunTime:0.002393s ]
[ 2012-05-02T17:33:33+08:00 ] /index.php/Index/index | SQL: SELECT * FROM `think_user` [ RunTime:0.000240s ]
[ 2012-05-02T17:33:34+08:00 ] /index.php/Index/index | SQL: SHOW COLUMNS FROM `think_user` [ RunTime:0.002619s ]
[ 2012-05-02T17:33:34+08:00 ] /index.php/Index/index | SQL: SELECT * FROM `think_user` [ RunTime:0.000355s ]
[ 2012-05-02T17:33:48+08:00 ] /index.php/Index/index | SQL: SHOW COLUMNS FROM `think_think_user` [ RunTime:0.001781s ]
[ 2012-05-02T17:33:48+08:00 ] /index.php/Index/index | SQL: SELECT * FROM `think_think_user` [ RunTime:0.000383s ]
[ 2012-05-02T17:33:48+08:00 ] /index.php/Index/index | SQL: SHOW COLUMNS FROM `think_think_user` [ RunTime:0.001734s ]
[ 2012-05-02T17:33:48+08:00 ] /index.php/Index/index | SQL: SELECT * FROM `think_think_user` [ RunTime:0.000285s ]
[ 2012-05-02T17:33:48+08:00 ] /index.php/Index/index | SQL: SHOW COLUMNS FROM `think_think_user` [ RunTime:0.001638s ]
[ 2012-05-02T17:33:48+08:00 ] /index.php/Index/index | SQL: SELECT * FROM `think_think_user` [ RunTime:0.000288s ]
[ 2012-05-02T17:33:49+08:00 ] /index.php/Index/index | SQL: SHOW COLUMNS FROM `think_think_user` [ RunTime:0.001746s ]
[ 2012-05-02T17:33:49+08:00 ] /index.php/Index/index | SQL: SELECT * FROM `think_think_user` [ RunTime:0.000532s ]
[ 2012-05-02T17:33:49+08:00 ] /index.php/Index/index | SQL: SHOW COLUMNS FROM `think_think_user` [ RunTime:0.001778s ]
[ 2012-05-02T17:33:49+08:00 ] /index.php/Index/index | SQL: SELECT * FROM `think_think_user` [ RunTime:0.000236s ]
[ 2012-05-02T17:33:49+08:00 ] /index.php/Index/index | SQL: SHOW COLUMNS FROM `think_think_user` [ RunTime:0.001905s ]
[ 2012-05-02T17:33:49+08:00 ] /index.php/Index/index | SQL: SELECT * FROM `think_think_user` [ RunTime:0.000263s ]
[ 2012-05-02T17:33:49+08:00 ] /index.php/Index/index | SQL: SHOW COLUMNS FROM `think_think_user` [ RunTime:0.001723s ]
[ 2012-05-02T17:33:49+08:00 ] /index.php/Index/index | SQL: SELECT * FROM `think_think_user` [ RunTime:0.000309s ]
[ 2012-05-02T17:33:49+08:00 ] /index.php/Index/index | SQL: SHOW COLUMNS FROM `think_think_user` [ RunTime:0.001754s ]
[ 2012-05-02T17:33:49+08:00 ] /index.php/Index/index | SQL: SELECT * FROM `think_think_user` [ RunTime:0.000235s ]
[ 2012-05-02T17:33:50+08:00 ] /index.php/Index/index | SQL: SHOW COLUMNS FROM `think_think_user` [ RunTime:0.001763s ]
[ 2012-05-02T17:33:50+08:00 ] /index.php/Index/index | SQL: SELECT * FROM `think_think_user` [ RunTime:0.000254s ]
[ 2012-05-02T17:33:50+08:00 ] /index.php/Index/index | SQL: SHOW COLUMNS FROM `think_think_user` [ RunTime:0.001747s ]
[ 2012-05-02T17:33:50+08:00 ] /index.php/Index/index | SQL: SELECT * FROM `think_think_user` [ RunTime:0.000238s ]
[ 2012-05-02T17:33:50+08:00 ] /index.php/Index/index | SQL: SHOW COLUMNS FROM `think_think_user` [ RunTime:0.001756s ]
[ 2012-05-02T17:33:50+08:00 ] /index.php/Index/index | SQL: SELECT * FROM `think_think_user` [ RunTime:0.000253s ]
[ 2012-05-02T17:33:50+08:00 ] /index.php/Index/index | SQL: SHOW COLUMNS FROM `think_think_user` [ RunTime:0.001809s ]
[ 2012-05-02T17:33:50+08:00 ] /index.php/Index/index | SQL: SELECT * FROM `think_think_user` [ RunTime:0.000232s ]
[ 2012-05-02T17:33:50+08:00 ] /index.php/Index/index | SQL: SHOW COLUMNS FROM `think_think_user` [ RunTime:0.001758s ]
[ 2012-05-02T17:33:50+08:00 ] /index.php/Index/index | SQL: SELECT * FROM `think_think_user` [ RunTime:0.000239s ]
[ 2012-05-02T17:34:01+08:00 ] /index.php/Index/index | SQL: SHOW COLUMNS FROM `think_think_user` [ RunTime:0.001642s ]
[ 2012-05-02T17:34:01+08:00 ] /index.php/Index/index | SQL: SELECT * FROM `think_think_user` [ RunTime:0.000169s ]
[ 2012-05-02T17:34:02+08:00 ] /index.php/Index/index | SQL: SHOW COLUMNS FROM `think_think_user` [ RunTime:0.001720s ]
[ 2012-05-02T17:34:02+08:00 ] /index.php/Index/index | SQL: SELECT * FROM `think_think_user` [ RunTime:0.000230s ]
[ 2012-05-02T17:34:02+08:00 ] /index.php/Index/index | SQL: SHOW COLUMNS FROM `think_think_user` [ RunTime:0.001817s ]
[ 2012-05-02T17:34:02+08:00 ] /index.php/Index/index | SQL: SELECT * FROM `think_think_user` [ RunTime:0.000240s ]
[ 2012-05-02T17:34:02+08:00 ] /index.php/Index/index | SQL: SHOW COLUMNS FROM `think_think_user` [ RunTime:0.001834s ]
[ 2012-05-02T17:34:02+08:00 ] /index.php/Index/index | SQL: SELECT * FROM `think_think_user` [ RunTime:0.000301s ]
[ 2012-05-02T17:34:02+08:00 ] /index.php/Index/index | SQL: SHOW COLUMNS FROM `think_think_user` [ RunTime:0.001826s ]
[ 2012-05-02T17:34:02+08:00 ] /index.php/Index/index | SQL: SELECT * FROM `think_think_user` [ RunTime:0.000239s ]
[ 2012-05-02T17:34:23+08:00 ] /index.php/Index/index | SQL: SHOW COLUMNS FROM `think_user` [ RunTime:0.002214s ]
[ 2012-05-02T17:34:23+08:00 ] /index.php/Index/index | SQL: SELECT * FROM `think_user` [ RunTime:0.000240s ]
[ 2012-05-02T17:34:24+08:00 ] /index.php/Index/index | SQL: SHOW COLUMNS FROM `think_user` [ RunTime:0.002176s ]
[ 2012-05-02T17:34:24+08:00 ] /index.php/Index/index | SQL: SELECT * FROM `think_user` [ RunTime:0.000217s ]
[ 2012-05-02T17:34:24+08:00 ] /index.php/Index/index | SQL: SHOW COLUMNS FROM `think_user` [ RunTime:0.002160s ]
[ 2012-05-02T17:34:24+08:00 ] /index.php/Index/index | SQL: SELECT * FROM `think_user` [ RunTime:0.000215s ]
[ 2012-05-02T17:34:24+08:00 ] /index.php/Index/index | SQL: SHOW COLUMNS FROM `think_user` [ RunTime:0.002224s ]
[ 2012-05-02T17:34:24+08:00 ] /index.php/Index/index | SQL: SELECT * FROM `think_user` [ RunTime:0.000221s ]
[ 2012-05-02T17:34:24+08:00 ] /index.php/Index/index | SQL: SHOW COLUMNS FROM `think_user` [ RunTime:0.002200s ]
[ 2012-05-02T17:34:24+08:00 ] /index.php/Index/index | SQL: SELECT * FROM `think_user` [ RunTime:0.000218s ]
[ 2012-05-02T17:39:37+08:00 ] /index.php/Index/index | SQL: SHOW COLUMNS FROM `think_user` [ RunTime:0.002214s ]
[ 2012-05-02T17:39:37+08:00 ] /index.php/Index/index | SQL: select * from think_user where status=1 [ RunTime:0.000378s ]
[ 2012-05-02T17:39:37+08:00 ] /index.php/Index/index | NOTIC: [4096] Object of class Model could not be converted to string IndexAction.class.php 第 26 行.
[ 2012-05-02T17:39:38+08:00 ] /index.php/Index/index | SQL: SHOW COLUMNS FROM `think_user` [ RunTime:0.002289s ]
[ 2012-05-02T17:39:38+08:00 ] /index.php/Index/index | SQL: select * from think_user where status=1 [ RunTime:0.000223s ]
[ 2012-05-02T17:39:38+08:00 ] /index.php/Index/index | NOTIC: [4096] Object of class Model could not be converted to string IndexAction.class.php 第 26 行.
[ 2012-05-02T17:39:38+08:00 ] /index.php/Index/index | SQL: SHOW COLUMNS FROM `think_user` [ RunTime:0.002295s ]
[ 2012-05-02T17:39:38+08:00 ] /index.php/Index/index | SQL: select * from think_user where status=1 [ RunTime:0.000217s ]
[ 2012-05-02T17:39:38+08:00 ] /index.php/Index/index | NOTIC: [4096] Object of class Model could not be converted to string IndexAction.class.php 第 26 行.
[ 2012-05-02T17:39:38+08:00 ] /index.php/Index/index | SQL: SHOW COLUMNS FROM `think_user` [ RunTime:0.002243s ]
[ 2012-05-02T17:39:38+08:00 ] /index.php/Index/index | SQL: select * from think_user where status=1 [ RunTime:0.000427s ]
[ 2012-05-02T17:39:38+08:00 ] /index.php/Index/index | NOTIC: [4096] Object of class Model could not be converted to string IndexAction.class.php 第 26 行.
[ 2012-05-02T17:39:38+08:00 ] /index.php/Index/index | SQL: SHOW COLUMNS FROM `think_user` [ RunTime:0.002230s ]
[ 2012-05-02T17:39:38+08:00 ] /index.php/Index/index | SQL: select * from think_user where status=1 [ RunTime:0.000236s ]
[ 2012-05-02T17:39:38+08:00 ] /index.php/Index/index | NOTIC: [4096] Object of class Model could not be converted to string IndexAction.class.php 第 26 行.
[ 2012-05-02T17:39:38+08:00 ] /index.php/Index/index | SQL: SHOW COLUMNS FROM `think_user` [ RunTime:0.002189s ]
[ 2012-05-02T17:39:38+08:00 ] /index.php/Index/index | SQL: select * from think_user where status=1 [ RunTime:0.000219s ]
[ 2012-05-02T17:39:38+08:00 ] /index.php/Index/index | NOTIC: [4096] Object of class Model could not be converted to string IndexAction.class.php 第 26 行.
[ 2012-05-02T17:39:39+08:00 ] /index.php/Index/index | SQL: SHOW COLUMNS FROM `think_user` [ RunTime:0.002517s ]
[ 2012-05-02T17:39:39+08:00 ] /index.php/Index/index | SQL: select * from think_user where status=1 [ RunTime:0.000331s ]
[ 2012-05-02T17:39:39+08:00 ] /index.php/Index/index | NOTIC: [4096] Object of class Model could not be converted to string IndexAction.class.php 第 26 行.
[ 2012-05-02T17:39:39+08:00 ] /index.php/Index/index | SQL: SHOW COLUMNS FROM `think_user` [ RunTime:0.002169s ]
[ 2012-05-02T17:39:39+08:00 ] /index.php/Index/index | SQL: select * from think_user where status=1 [ RunTime:0.000217s ]
[ 2012-05-02T17:39:39+08:00 ] /index.php/Index/index | NOTIC: [4096] Object of class Model could not be converted to string IndexAction.class.php 第 26 行.
[ 2012-05-02T17:39:52+08:00 ] /index.php/Index/index | SQL: SHOW COLUMNS FROM `think_user` [ RunTime:0.002340s ]
[ 2012-05-02T17:39:52+08:00 ] /index.php/Index/index | SQL: select * from think_user where status=1 [ RunTime:0.000222s ]
[ 2012-05-02T17:39:52+08:00 ] /index.php/Index/index | SQL: SHOW COLUMNS FROM `think_user` [ RunTime:0.002310s ]
[ 2012-05-02T17:39:52+08:00 ] /index.php/Index/index | SQL: select * from think_user where status=1 [ RunTime:0.000297s ]
[ 2012-05-02T17:39:53+08:00 ] /index.php/Index/index | SQL: SHOW COLUMNS FROM `think_user` [ RunTime:0.002207s ]
[ 2012-05-02T17:39:53+08:00 ] /index.php/Index/index | SQL: select * from think_user where status=1 [ RunTime:0.000217s ]
[ 2012-05-02T17:39:53+08:00 ] /index.php/Index/index | SQL: SHOW COLUMNS FROM `think_user` [ RunTime:0.002151s ]
[ 2012-05-02T17:39:53+08:00 ] /index.php/Index/index | SQL: select * from think_user where status=1 [ RunTime:0.000218s ]
[ 2012-05-02T17:39:53+08:00 ] /index.php/Index/index | SQL: SHOW COLUMNS FROM `think_user` [ RunTime:0.002295s ]
[ 2012-05-02T17:39:53+08:00 ] /index.php/Index/index | SQL: select * from think_user where status=1 [ RunTime:0.000217s ]
[ 2012-05-02T17:39:53+08:00 ] /index.php/Index/index | SQL: SHOW COLUMNS FROM `think_user` [ RunTime:0.002260s ]
[ 2012-05-02T17:39:53+08:00 ] /index.php/Index/index | SQL: select * from think_user where status=1 [ RunTime:0.000237s ]
[ 2012-05-02T17:39:54+08:00 ] /index.php/Index/index | SQL: SHOW COLUMNS FROM `think_user` [ RunTime:0.002153s ]
[ 2012-05-02T17:39:54+08:00 ] /index.php/Index/index | SQL: select * from think_user where status=1 [ RunTime:0.000270s ]
[ 2012-05-02T17:39:54+08:00 ] /index.php/Index/index | SQL: SHOW COLUMNS FROM `think_user` [ RunTime:0.002253s ]
[ 2012-05-02T17:39:54+08:00 ] /index.php/Index/index | SQL: select * from think_user where status=1 [ RunTime:0.000236s ]
[ 2012-05-02T17:39:54+08:00 ] /index.php/Index/index | SQL: SHOW COLUMNS FROM `think_user` [ RunTime:0.002135s ]
[ 2012-05-02T17:39:54+08:00 ] /index.php/Index/index | SQL: select * from think_user where status=1 [ RunTime:0.000211s ]
[ 2012-05-02T17:39:54+08:00 ] /index.php/Index/index | SQL: SHOW COLUMNS FROM `think_user` [ RunTime:0.002499s ]
[ 2012-05-02T17:39:54+08:00 ] /index.php/Index/index | SQL: select * from think_user where status=1 [ RunTime:0.000351s ]
[ 2012-05-02T17:39:54+08:00 ] /index.php/Index/index | SQL: SHOW COLUMNS FROM `think_user` [ RunTime:0.002956s ]
[ 2012-05-02T17:39:54+08:00 ] /index.php/Index/index | SQL: select * from think_user where status=1 [ RunTime:0.000224s ]
[ 2012-05-02T17:48:23+08:00 ] /index.php/Index/index | ERR: (ThinkException) Action:db您所请求的方法不存在！
[ 2012-05-02T17:48:24+08:00 ] /index.php/Index/index | ERR: (ThinkException) Action:db您所请求的方法不存在！
[ 2012-05-02T17:48:24+08:00 ] /index.php/Index/index | ERR: (ThinkException) Action:db您所请求的方法不存在！
[ 2012-05-02T17:48:25+08:00 ] /index.php/Index/index | ERR: (ThinkException) Action:db您所请求的方法不存在！
[ 2012-05-02T17:51:32+08:00 ] /index.php/Index/index | ERR: (ThinkException) Action:db您所请求的方法不存在！
[ 2012-05-02T17:56:48+08:00 ] /index.php/Index/index | ERR: (ThinkException) 系统暂时不支持数据库: mysql
[ 2012-05-02T17:56:48+08:00 ] /index.php/Index/index | ERR: (ThinkException) 系统暂时不支持数据库: mysql
[ 2012-05-02T17:56:48+08:00 ] /index.php/Index/index | ERR: (ThinkException) 系统暂时不支持数据库: mysql
[ 2012-05-02T17:56:48+08:00 ] /index.php/Index/index | ERR: (ThinkException) 系统暂时不支持数据库: mysql
[ 2012-05-02T17:57:05+08:00 ] /index.php/Index/index | ERR: (ThinkException) Action:db您所请求的方法不存在！
[ 2012-05-02T17:57:05+08:00 ] /index.php/Index/index | ERR: (ThinkException) Action:db您所请求的方法不存在！
[ 2012-05-02T17:57:05+08:00 ] /index.php/Index/index | ERR: (ThinkException) Action:db您所请求的方法不存在！
[ 2012-05-02T17:57:05+08:00 ] /index.php/Index/index | ERR: (ThinkException) Action:db您所请求的方法不存在！
[ 2012-05-02T17:57:05+08:00 ] /index.php/Index/index | ERR: (ThinkException) Action:db您所请求的方法不存在！
[ 2012-05-02T17:57:06+08:00 ] /index.php/Index/index | ERR: (ThinkException) Action:db您所请求的方法不存在！
[ 2012-05-02T17:57:06+08:00 ] /index.php/Index/index | ERR: (ThinkException) Action:db您所请求的方法不存在！
[ 2012-05-02T17:57:19+08:00 ] /index.php/Index/index | ERR: (ThinkException) 系统暂时不支持数据库: mysql
[ 2012-05-02T17:58:53+08:00 ] /index.php/Index/index | ERR: (ThinkException) Action:db您所请求的方法不存在！
[ 2012-05-02T17:58:53+08:00 ] /index.php/Index/index | ERR: (ThinkException) Action:db您所请求的方法不存在！
[ 2012-05-02T17:58:54+08:00 ] /index.php/Index/index | ERR: (ThinkException) Action:db您所请求的方法不存在！
[ 2012-05-02T17:58:54+08:00 ] /index.php/Index/index | ERR: (ThinkException) Action:db您所请求的方法不存在！
[ 2012-05-02T17:58:54+08:00 ] /index.php/Index/index | ERR: (ThinkException) Action:db您所请求的方法不存在！
[ 2012-05-02T18:04:15+08:00 ] /index.php/Index/index | ERR: (ThinkException) 系统暂时不支持数据库: mysql
[ 2012-05-02T18:04:15+08:00 ] /index.php/Index/index | ERR: (ThinkException) 系统暂时不支持数据库: mysql
[ 2012-05-02T18:04:15+08:00 ] /index.php/Index/index | ERR: (ThinkException) 系统暂时不支持数据库: mysql
[ 2012-05-02T18:04:16+08:00 ] /index.php/Index/index | ERR: (ThinkException) 系统暂时不支持数据库: mysql
[ 2012-05-02T18:04:16+08:00 ] /index.php/Index/index | ERR: (ThinkException) 系统暂时不支持数据库: mysql
[ 2012-05-02T18:04:16+08:00 ] /index.php/Index/index | ERR: (ThinkException) 系统暂时不支持数据库: mysql
[ 2012-05-02T18:04:16+08:00 ] /index.php/Index/index | ERR: (ThinkException) 系统暂时不支持数据库: mysql
[ 2012-05-02T18:06:09+08:00 ] /index.php/Index/index | ERR: (ThinkException) 系统暂时不支持数据库: mysql
[ 2012-05-02T18:06:10+08:00 ] /index.php/Index/index | ERR: (ThinkException) 系统暂时不支持数据库: mysql
[ 2012-05-02T18:06:10+08:00 ] /index.php/Index/index | ERR: (ThinkException) 系统暂时不支持数据库: mysql
[ 2012-05-02T18:19:47+08:00 ] /index.php/User/index | SQL: SHOW COLUMNS FROM `think_user` [ RunTime:0.002810s ]
[ 2012-05-02T18:19:47+08:00 ] /index.php/User/index | SQL: SELECT * FROM `think_user` ORDER BY id desc LIMIT 6  [ RunTime:0.000238s ]
[ 2012-05-02T18:19:47+08:00 ] /index.php/User/index | SQL: SHOW COLUMNS FROM `think_user` [ RunTime:0.002296s ]
[ 2012-05-02T18:19:47+08:00 ] /index.php/User/index | SQL: SELECT * FROM `think_user` ORDER BY id desc LIMIT 6  [ RunTime:0.000195s ]
[ 2012-05-02T18:19:48+08:00 ] /index.php/User/index | SQL: SHOW COLUMNS FROM `think_user` [ RunTime:0.002139s ]
[ 2012-05-02T18:19:48+08:00 ] /index.php/User/index | SQL: SELECT * FROM `think_user` ORDER BY id desc LIMIT 6  [ RunTime:0.000169s ]
[ 2012-05-02T18:19:48+08:00 ] /index.php/User/index | SQL: SHOW COLUMNS FROM `think_user` [ RunTime:0.002192s ]
[ 2012-05-02T18:19:48+08:00 ] /index.php/User/index | SQL: SELECT * FROM `think_user` ORDER BY id desc LIMIT 6  [ RunTime:0.000162s ]
[ 2012-05-02T18:19:48+08:00 ] /index.php/User/index | SQL: SHOW COLUMNS FROM `think_user` [ RunTime:0.003268s ]
[ 2012-05-02T18:19:48+08:00 ] /index.php/User/index | SQL: SELECT * FROM `think_user` ORDER BY id desc LIMIT 6  [ RunTime:0.000203s ]
[ 2012-05-02T18:19:48+08:00 ] /index.php/User/index | SQL: SHOW COLUMNS FROM `think_user` [ RunTime:0.002355s ]
[ 2012-05-02T18:19:48+08:00 ] /index.php/User/index | SQL: SELECT * FROM `think_user` ORDER BY id desc LIMIT 6  [ RunTime:0.000305s ]
